# JRE version: OpenJDK Runtime Environment (21.0.3) (build 21.0.3+-12282718-b509.11)
# Java VM: OpenJDK 64-Bit Server VM (21.0.3+-12282718-b509.11, mixed mode, tiered, compressed oops, compressed class ptrs, g1 gc, windows-amd64)
GC Precious Log:
 CardTable entry size: 512
 Card Set container configuration: InlinePtr #cards 5 size 8 Array Of Cards #cards 12 size 40 Howl #buckets 4 coarsen threshold 1843 Howl Bitmap #cards 512 size 80 coarsen threshold 460 Card regions per heap region 1 cards per card region 2048
 CPUs: 8 total, 8 available
 Memory: 8083M
 Large Page Support: Disabled
 NUMA Support: Disabled
 Compressed Oops: Enabled (32-bit)
 Heap Region Size: 1M
 Heap Min Capacity: 8M
 Heap Initial Capacity: 128M
 Heap Max Capacity: 2G
 Pre-touch: Disabled
 Parallel Workers: 8
 Concurrent Workers: 2
 Concurrent Refinement Workers: 8
 Periodic GC: Disabled
Heap:
 garbage-first heap   total 442368K, used 286983K [0x0000000080000000, 0x0000000100000000)
  region size 1024K, 30 young (30720K), 3 survivors (3072K)
 Metaspace       used 140074K, committed 142336K, reserved 1179648K
  class space    used 18909K, committed 20032K, reserved 1048576K
GC Heap History (20 events):
Event: 53.309 GC heap before
{Heap before GC invocations=45 (full 0):
 garbage-first heap   total 297984K, used 248993K [0x0000000080000000, 0x0000000100000000)
  region size 1024K, 115 young (117760K), 14 survivors (14336K)
 Metaspace       used 118132K, committed 120320K, reserved 1179648K
  class space    used 15867K, committed 16960K, reserved 1048576K
}
Event: 53.330 GC heap after
{Heap after GC invocations=46 (full 0):
 garbage-first heap   total 297984K, used 146692K [0x0000000080000000, 0x0000000100000000)
  region size 1024K, 12 young (12288K), 12 survivors (12288K)
 Metaspace       used 118132K, committed 120320K, reserved 1179648K
  class space    used 15867K, committed 16960K, reserved 1048576K
}
Event: 56.186 GC heap before
{Heap before GC invocations=46 (full 0):
 garbage-first heap   total 297984K, used 283908K [0x0000000080000000, 0x0000000100000000)
  region size 1024K, 117 young (119808K), 12 survivors (12288K)
 Metaspace       used 123676K, committed 125824K, reserved 1179648K
  class space    used 16808K, committed 17856K, reserved 1048576K
}
Event: 56.246 GC heap after
{Heap after GC invocations=47 (full 0):
 garbage-first heap   total 327680K, used 165345K [0x0000000080000000, 0x0000000100000000)
  region size 1024K, 15 young (15360K), 15 survivors (15360K)
 Metaspace       used 123676K, committed 125824K, reserved 1179648K
  class space    used 16808K, committed 17856K, reserved 1048576K
}
Event: 57.660 GC heap before
{Heap before GC invocations=47 (full 0):
 garbage-first heap   total 327680K, used 269793K [0x0000000080000000, 0x0000000100000000)
  region size 1024K, 118 young (120832K), 15 survivors (15360K)
 Metaspace       used 126238K, committed 128448K, reserved 1179648K
  class space    used 17140K, committed 18240K, reserved 1048576K
}
Event: 57.746 GC heap after
{Heap after GC invocations=48 (full 0):
 garbage-first heap   total 328704K, used 207749K [0x0000000080000000, 0x0000000100000000)
  region size 1024K, 15 young (15360K), 15 survivors (15360K)
 Metaspace       used 126238K, committed 128448K, reserved 1179648K
  class space    used 17140K, committed 18240K, reserved 1048576K
}
Event: 59.206 GC heap before
{Heap before GC invocations=48 (full 0):
 garbage-first heap   total 328704K, used 274309K [0x0000000080000000, 0x0000000100000000)
  region size 1024K, 81 young (82944K), 15 survivors (15360K)
 Metaspace       used 128298K, committed 130560K, reserved 1179648K
  class space    used 17428K, committed 18560K, reserved 1048576K
}
Event: 59.240 GC heap after
{Heap after GC invocations=49 (full 0):
 garbage-first heap   total 328704K, used 219648K [0x0000000080000000, 0x0000000100000000)
  region size 1024K, 10 young (10240K), 10 survivors (10240K)
 Metaspace       used 128298K, committed 130560K, reserved 1179648K
  class space    used 17428K, committed 18560K, reserved 1048576K
}
Event: 60.247 GC heap before
{Heap before GC invocations=50 (full 0):
 garbage-first heap   total 391168K, used 271872K [0x0000000080000000, 0x0000000100000000)
  region size 1024K, 72 young (73728K), 10 survivors (10240K)
 Metaspace       used 129500K, committed 131712K, reserved 1179648K
  class space    used 17582K, committed 18688K, reserved 1048576K
}
Event: 60.263 GC heap after
{Heap after GC invocations=51 (full 0):
 garbage-first heap   total 391168K, used 211716K [0x0000000080000000, 0x0000000100000000)
  region size 1024K, 6 young (6144K), 6 survivors (6144K)
 Metaspace       used 129500K, committed 131712K, reserved 1179648K
  class space    used 17582K, committed 18688K, reserved 1048576K
}
Event: 61.323 GC heap before
{Heap before GC invocations=51 (full 0):
 garbage-first heap   total 391168K, used 328452K [0x0000000080000000, 0x0000000100000000)
  region size 1024K, 119 young (121856K), 6 survivors (6144K)
 Metaspace       used 129585K, committed 131840K, reserved 1179648K
  class space    used 17584K, committed 18752K, reserved 1048576K
}
Event: 61.340 GC heap after
{Heap after GC invocations=52 (full 0):
 garbage-first heap   total 391168K, used 210858K [0x0000000080000000, 0x0000000100000000)
  region size 1024K, 8 young (8192K), 8 survivors (8192K)
 Metaspace       used 129585K, committed 131840K, reserved 1179648K
  class space    used 17584K, committed 18752K, reserved 1048576K
}
Event: 61.435 GC heap before
{Heap before GC invocations=52 (full 0):
 garbage-first heap   total 391168K, used 227242K [0x0000000080000000, 0x0000000100000000)
  region size 1024K, 25 young (25600K), 8 survivors (8192K)
 Metaspace       used 129585K, committed 131840K, reserved 1179648K
  class space    used 17584K, committed 18752K, reserved 1048576K
}
Event: 61.451 GC heap after
{Heap after GC invocations=53 (full 0):
 garbage-first heap   total 391168K, used 211938K [0x0000000080000000, 0x0000000100000000)
  region size 1024K, 9 young (9216K), 9 survivors (9216K)
 Metaspace       used 129585K, committed 131840K, reserved 1179648K
  class space    used 17584K, committed 18752K, reserved 1048576K
}
Event: 63.053 GC heap before
{Heap before GC invocations=54 (full 0):
 garbage-first heap   total 414720K, used 353250K [0x0000000080000000, 0x0000000100000000)
  region size 1024K, 139 young (142336K), 9 survivors (9216K)
 Metaspace       used 130634K, committed 132928K, reserved 1179648K
  class space    used 17731K, committed 18880K, reserved 1048576K
}
Event: 63.077 GC heap after
{Heap after GC invocations=55 (full 0):
 garbage-first heap   total 414720K, used 218610K [0x0000000080000000, 0x0000000100000000)
  region size 1024K, 8 young (8192K), 8 survivors (8192K)
 Metaspace       used 130634K, committed 132928K, reserved 1179648K
  class space    used 17731K, committed 18880K, reserved 1048576K
}
Event: 65.809 GC heap before
{Heap before GC invocations=55 (full 0):
 garbage-first heap   total 414720K, used 402930K [0x0000000080000000, 0x0000000100000000)
  region size 1024K, 162 young (165888K), 8 survivors (8192K)
 Metaspace       used 138212K, committed 140480K, reserved 1179648K
  class space    used 18669K, committed 19776K, reserved 1048576K
}
Event: 65.903 GC heap after
{Heap after GC invocations=56 (full 0):
 garbage-first heap   total 432128K, used 254500K [0x0000000080000000, 0x0000000100000000)
  region size 1024K, 21 young (21504K), 21 survivors (21504K)
 Metaspace       used 138212K, committed 140480K, reserved 1179648K
  class space    used 18669K, committed 19776K, reserved 1048576K
}
Event: 68.738 GC heap before
{Heap before GC invocations=56 (full 0):
 garbage-first heap   total 432128K, used 303652K [0x0000000080000000, 0x0000000100000000)
  region size 1024K, 70 young (71680K), 21 survivors (21504K)
 Metaspace       used 139639K, committed 141888K, reserved 1179648K
  class space    used 18857K, committed 19968K, reserved 1048576K
}
Event: 68.798 GC heap after
{Heap after GC invocations=57 (full 0):
 garbage-first heap   total 432128K, used 243975K [0x0000000080000000, 0x0000000100000000)
  region size 1024K, 3 young (3072K), 3 survivors (3072K)
 Metaspace       used 139639K, committed 141888K, reserved 1179648K
  class space    used 18857K, committed 19968K, reserved 1048576K
}

