# JRE version: OpenJDK Runtime Environment (21.0.3) (build 21.0.3+-12282718-b509.11)
# Java VM: OpenJDK 64-Bit Server VM (21.0.3+-12282718-b509.11, mixed mode, tiered, compressed oops, compressed class ptrs, g1 gc, windows-amd64)
GC Precious Log:
 CardTable entry size: 512
 Card Set container configuration: InlinePtr #cards 5 size 8 Array Of Cards #cards 12 size 40 Howl #buckets 4 coarsen threshold 1843 Howl Bitmap #cards 512 size 80 coarsen threshold 460 Card regions per heap region 1 cards per card region 2048
 CPUs: 8 total, 8 available
 Memory: 8083M
 Large Page Support: Disabled
 NUMA Support: Disabled
 Compressed Oops: Enabled (32-bit)
 Heap Region Size: 1M
 Heap Min Capacity: 8M
 Heap Initial Capacity: 128M
 Heap Max Capacity: 2G
 Pre-touch: Disabled
 Parallel Workers: 8
 Concurrent Workers: 2
 Concurrent Refinement Workers: 8
 Periodic GC: Disabled
Heap:
 garbage-first heap   total 441344K, used 219271K [0x0000000080000000, 0x0000000100000000)
  region size 1024K, 92 young (94208K), 33 survivors (33792K)
 Metaspace       used 145709K, committed 148032K, reserved 1179648K
  class space    used 18725K, committed 19904K, reserved 1048576K
GC Heap History (20 events):
Event: 72.209 GC heap before
{Heap before GC invocations=62 (full 0):
 garbage-first heap   total 371712K, used 341349K [0x0000000080000000, 0x0000000100000000)
  region size 1024K, 216 young (221184K), 12 survivors (12288K)
 Metaspace       used 130746K, committed 132864K, reserved 1179648K
  class space    used 16844K, committed 17920K, reserved 1048576K
}
Event: 72.230 GC heap after
{Heap after GC invocations=63 (full 0):
 garbage-first heap   total 371712K, used 132170K [0x0000000080000000, 0x0000000100000000)
  region size 1024K, 14 young (14336K), 14 survivors (14336K)
 Metaspace       used 130746K, committed 132864K, reserved 1179648K
  class space    used 16844K, committed 17920K, reserved 1048576K
}
Event: 72.986 GC heap before
{Heap before GC invocations=63 (full 0):
 garbage-first heap   total 371712K, used 335946K [0x0000000080000000, 0x0000000100000000)
  region size 1024K, 214 young (219136K), 14 survivors (14336K)
 Metaspace       used 130775K, committed 132864K, reserved 1179648K
  class space    used 16844K, committed 17920K, reserved 1048576K
}
Event: 73.010 GC heap after
{Heap after GC invocations=64 (full 0):
 garbage-first heap   total 371712K, used 131044K [0x0000000080000000, 0x0000000100000000)
  region size 1024K, 15 young (15360K), 15 survivors (15360K)
 Metaspace       used 130775K, committed 132864K, reserved 1179648K
  class space    used 16844K, committed 17920K, reserved 1048576K
}
Event: 74.029 GC heap before
{Heap before GC invocations=64 (full 0):
 garbage-first heap   total 371712K, used 334820K [0x0000000080000000, 0x0000000100000000)
  region size 1024K, 215 young (220160K), 15 survivors (15360K)
 Metaspace       used 130781K, committed 132864K, reserved 1179648K
  class space    used 16844K, committed 17920K, reserved 1048576K
}
Event: 74.049 GC heap after
{Heap after GC invocations=65 (full 0):
 garbage-first heap   total 371712K, used 131578K [0x0000000080000000, 0x0000000100000000)
  region size 1024K, 16 young (16384K), 16 survivors (16384K)
 Metaspace       used 130781K, committed 132864K, reserved 1179648K
  class space    used 16844K, committed 17920K, reserved 1048576K
}
Event: 74.979 GC heap before
{Heap before GC invocations=66 (full 0):
 garbage-first heap   total 371712K, used 336378K [0x0000000080000000, 0x0000000100000000)
  region size 1024K, 215 young (220160K), 16 survivors (16384K)
 Metaspace       used 130793K, committed 132928K, reserved 1179648K
  class space    used 16846K, committed 17920K, reserved 1048576K
}
Event: 75.004 GC heap after
{Heap after GC invocations=67 (full 0):
 garbage-first heap   total 371712K, used 130888K [0x0000000080000000, 0x0000000100000000)
  region size 1024K, 13 young (13312K), 13 survivors (13312K)
 Metaspace       used 130793K, committed 132928K, reserved 1179648K
  class space    used 16846K, committed 17920K, reserved 1048576K
}
Event: 76.304 GC heap before
{Heap before GC invocations=67 (full 0):
 garbage-first heap   total 371712K, used 337736K [0x0000000080000000, 0x0000000100000000)
  region size 1024K, 216 young (221184K), 13 survivors (13312K)
 Metaspace       used 130796K, committed 132928K, reserved 1179648K
  class space    used 16846K, committed 17920K, reserved 1048576K
}
Event: 76.337 GC heap after
{Heap after GC invocations=68 (full 0):
 garbage-first heap   total 441344K, used 130594K [0x0000000080000000, 0x0000000100000000)
  region size 1024K, 14 young (14336K), 14 survivors (14336K)
 Metaspace       used 130796K, committed 132928K, reserved 1179648K
  class space    used 16846K, committed 17920K, reserved 1048576K
}
Event: 77.047 GC heap before
{Heap before GC invocations=68 (full 0):
 garbage-first heap   total 441344K, used 243234K [0x0000000080000000, 0x0000000100000000)
  region size 1024K, 125 young (128000K), 14 survivors (14336K)
 Metaspace       used 130810K, committed 132928K, reserved 1179648K
  class space    used 16846K, committed 17920K, reserved 1048576K
}
Event: 77.066 GC heap after
{Heap after GC invocations=69 (full 0):
 garbage-first heap   total 441344K, used 132092K [0x0000000080000000, 0x0000000100000000)
  region size 1024K, 15 young (15360K), 15 survivors (15360K)
 Metaspace       used 130810K, committed 132928K, reserved 1179648K
  class space    used 16846K, committed 17920K, reserved 1048576K
}
Event: 80.419 GC heap before
{Heap before GC invocations=70 (full 0):
 garbage-first heap   total 441344K, used 380924K [0x0000000080000000, 0x0000000100000000)
  region size 1024K, 258 young (264192K), 15 survivors (15360K)
 Metaspace       used 130889K, committed 132992K, reserved 1179648K
  class space    used 16847K, committed 17920K, reserved 1048576K
}
Event: 80.441 GC heap after
{Heap after GC invocations=71 (full 0):
 garbage-first heap   total 441344K, used 131879K [0x0000000080000000, 0x0000000100000000)
  region size 1024K, 14 young (14336K), 14 survivors (14336K)
 Metaspace       used 130889K, committed 132992K, reserved 1179648K
  class space    used 16847K, committed 17920K, reserved 1048576K
}
Event: 82.983 GC heap before
{Heap before GC invocations=71 (full 0):
 garbage-first heap   total 441344K, used 380711K [0x0000000080000000, 0x0000000100000000)
  region size 1024K, 258 young (264192K), 14 survivors (14336K)
 Metaspace       used 130899K, committed 132992K, reserved 1179648K
  class space    used 16847K, committed 17920K, reserved 1048576K
}
Event: 83.010 GC heap after
{Heap after GC invocations=72 (full 0):
 garbage-first heap   total 441344K, used 129501K [0x0000000080000000, 0x0000000100000000)
  region size 1024K, 11 young (11264K), 11 survivors (11264K)
 Metaspace       used 130899K, committed 132992K, reserved 1179648K
  class space    used 16847K, committed 17920K, reserved 1048576K
}
Event: 84.193 GC heap before
{Heap before GC invocations=72 (full 0):
 garbage-first heap   total 441344K, used 160221K [0x0000000080000000, 0x0000000100000000)
  region size 1024K, 42 young (43008K), 11 survivors (11264K)
 Metaspace       used 131148K, committed 133184K, reserved 1179648K
  class space    used 16885K, committed 17920K, reserved 1048576K
}
Event: 84.211 GC heap after
{Heap after GC invocations=73 (full 0):
 garbage-first heap   total 441344K, used 130125K [0x0000000080000000, 0x0000000100000000)
  region size 1024K, 11 young (11264K), 11 survivors (11264K)
 Metaspace       used 131148K, committed 133184K, reserved 1179648K
  class space    used 16885K, committed 17920K, reserved 1048576K
}
Event: 101.806 GC heap before
{Heap before GC invocations=74 (full 0):
 garbage-first heap   total 441344K, used 400461K [0x0000000080000000, 0x0000000100000000)
  region size 1024K, 258 young (264192K), 11 survivors (11264K)
 Metaspace       used 142924K, committed 145216K, reserved 1179648K
  class space    used 18373K, committed 19520K, reserved 1048576K
}
Event: 101.846 GC heap after
{Heap after GC invocations=75 (full 0):
 garbage-first heap   total 441344K, used 159879K [0x0000000080000000, 0x0000000100000000)
  region size 1024K, 33 young (33792K), 33 survivors (33792K)
 Metaspace       used 142924K, committed 145216K, reserved 1179648K
  class space    used 18373K, committed 19520K, reserved 1048576K
}

